<?xml version="1.0" encoding="UTF-8"?>
<!-- Generated by org.testng.reporters.JUnitReportReporter -->
<testsuite hostname="LAPTOP-65O2L0R1" name="com.test.runner.CucumberRunner" tests="1" failures="0" timestamp="17 Mar 2023 17:11:45 GMT" time="31.285" errors="0">
  <testcase name="runScenario" time="31.285" classname="com.test.runner.CucumberRunner"/>
</testsuite> <!-- com.test.runner.CucumberRunner -->
