<?xml version="1.0" encoding="UTF-8"?>
<!-- Generated by org.testng.reporters.JUnitReportReporter -->
<testsuite hostname="LAPTOP-65O2L0R1" name="com.test.runner.CucumberRunner" tests="1" failures="0" timestamp="20 Mar 2023 04:01:53 GMT" time="12.716" errors="0">
  <testcase name="runScenario" time="12.716" classname="com.test.runner.CucumberRunner"/>
</testsuite> <!-- com.test.runner.CucumberRunner -->
